!SESSION 2017-06-20 17:45:15.680 -----------------------------------------------
eclipse.buildId=unknown
java.version=1.8.0_111
java.vendor=Oracle Corporation
BootLoader constants: OS=macosx, ARCH=x86_64, WS=cocoa, NL=en_US
Framework arguments:  -product com.test.plugin.product
Command-line arguments:  -product com.test.plugin.product -data /Users/jpark/workspace/Test_RCP/../runtime-target.product -dev file:/Users/jpark/workspace/Test_RCP/.metadata/.plugins/org.eclipse.pde.core/target.product/dev.properties -os macosx -ws cocoa -arch x86_64 -consoleLog

!ENTRY org.eclipse.e4.ui.workbench.addons.swt 4 0 2017-06-20 17:45:16.158
!MESSAGE FrameworkEvent ERROR
!STACK 0
org.osgi.framework.BundleException: Could not resolve module: org.eclipse.e4.ui.workbench.addons.swt [16]
  Unresolved requirement: Import-Package: org.eclipse.e4.ui.internal.workbench.swt
    -> Export-Package: org.eclipse.e4.ui.internal.workbench.swt; bundle-symbolic-name="org.eclipse.e4.ui.workbench.swt"; bundle-version="0.14.1.v20160829-0832"; version="0.0.0"; x-friends:="org.eclipse.e4.ui.workbench.addons.swt,org.eclipse.e4.ui.workbench.renderers.swt,org.eclipse.ui.workbench"
       org.eclipse.e4.ui.workbench.swt [53]
         Unresolved requirement: Require-Capability: osgi.extender; filter:="(&(osgi.extender=osgi.component)(version>=1.2)(!(version>=2.0)))"
  Unresolved requirement: Require-Bundle: org.eclipse.e4.ui.workbench.renderers.swt; bundle-version="0.9.1"
    -> Bundle-SymbolicName: org.eclipse.e4.ui.workbench.renderers.swt; bundle-version="0.14.1.v20170117-1415"; singleton:="true"
       org.eclipse.e4.ui.workbench.renderers.swt [39]
         Unresolved requirement: Require-Bundle: org.eclipse.e4.ui.workbench.swt; bundle-version="0.9.0"
           -> Bundle-SymbolicName: org.eclipse.e4.ui.workbench.swt; bundle-version="0.14.1.v20160829-0832"; singleton:="true"

	at org.eclipse.osgi.container.Module.start(Module.java:444)
	at org.eclipse.osgi.container.ModuleContainer$ContainerStartLevel.incStartLevel(ModuleContainer.java:1620)
	at org.eclipse.osgi.container.ModuleContainer$ContainerStartLevel.incStartLevel(ModuleContainer.java:1599)
	at org.eclipse.osgi.container.ModuleContainer$ContainerStartLevel.doContainerStartLevel(ModuleContainer.java:1571)
	at org.eclipse.osgi.container.ModuleContainer$ContainerStartLevel.dispatchEvent(ModuleContainer.java:1514)
	at org.eclipse.osgi.container.ModuleContainer$ContainerStartLevel.dispatchEvent(ModuleContainer.java:1)
	at org.eclipse.osgi.framework.eventmgr.EventManager.dispatchEvent(EventManager.java:230)
	at org.eclipse.osgi.framework.eventmgr.EventManager$EventThread.run(EventManager.java:340)

!ENTRY org.eclipse.ui.trace 4 0 2017-06-20 17:45:16.160
!MESSAGE FrameworkEvent ERROR
!STACK 0
org.osgi.framework.BundleException: Could not resolve module: org.eclipse.ui.trace [24]
  Unresolved requirement: Require-Bundle: org.eclipse.ui; bundle-version="[3.6.0,4.0.0)"
    -> Bundle-SymbolicName: org.eclipse.ui; bundle-version="3.108.1.v20160929-1045"; singleton:="true"
       org.eclipse.ui [65]
         Unresolved requirement: Require-Bundle: org.eclipse.ui.workbench; bundle-version="[3.105.0,4.0.0)"; visibility:="reexport"
           -> Bundle-SymbolicName: org.eclipse.ui.workbench; bundle-version="3.108.3.v20170216-1539"; singleton:="true"
              org.eclipse.ui.workbench [58]
                Unresolved requirement: Import-Package: org.eclipse.e4.ui.internal.workbench.renderers.swt
                  -> Export-Package: org.eclipse.e4.ui.internal.workbench.renderers.swt; bundle-symbolic-name="org.eclipse.e4.ui.workbench.renderers.swt"; bundle-version="0.14.1.v20170117-1415"; version="0.0.0"; x-friends:="org.eclipse.ui.workbench"
                     org.eclipse.e4.ui.workbench.renderers.swt [39]
                       Unresolved requirement: Require-Bundle: org.eclipse.e4.ui.workbench.swt; bundle-version="0.9.0"
                         -> Bundle-SymbolicName: org.eclipse.e4.ui.workbench.swt; bundle-version="0.14.1.v20160829-0832"; singleton:="true"
                            org.eclipse.e4.ui.workbench.swt [53]
                              Unresolved requirement: Require-Capability: osgi.extender; filter:="(&(osgi.extender=osgi.component)(version>=1.2)(!(version>=2.0)))"
                Unresolved requirement: Import-Package: org.eclipse.e4.ui.internal.workbench.swt
                  -> Export-Package: org.eclipse.e4.ui.internal.workbench.swt; bundle-symbolic-name="org.eclipse.e4.ui.workbench.swt"; bundle-version="0.14.1.v20160829-0832"; version="0.0.0"; x-friends:="org.eclipse.e4.ui.workbench.addons.swt,org.eclipse.e4.ui.workbench.renderers.swt,org.eclipse.ui.workbench"

	at org.eclipse.osgi.container.Module.start(Module.java:444)
	at org.eclipse.osgi.container.ModuleContainer$ContainerStartLevel.incStartLevel(ModuleContainer.java:1620)
	at org.eclipse.osgi.container.ModuleContainer$ContainerStartLevel.incStartLevel(ModuleContainer.java:1599)
	at org.eclipse.osgi.container.ModuleContainer$ContainerStartLevel.doContainerStartLevel(ModuleContainer.java:1571)
	at org.eclipse.osgi.container.ModuleContainer$ContainerStartLevel.dispatchEvent(ModuleContainer.java:1514)
	at org.eclipse.osgi.container.ModuleContainer$ContainerStartLevel.dispatchEvent(ModuleContainer.java:1)
	at org.eclipse.osgi.framework.eventmgr.EventManager.dispatchEvent(EventManager.java:230)
	at org.eclipse.osgi.framework.eventmgr.EventManager$EventThread.run(EventManager.java:340)

!ENTRY org.eclipse.e4.ui.workbench.renderers.swt 4 0 2017-06-20 17:45:16.161
!MESSAGE FrameworkEvent ERROR
!STACK 0
org.osgi.framework.BundleException: Could not resolve module: org.eclipse.e4.ui.workbench.renderers.swt [39]
  Unresolved requirement: Require-Bundle: org.eclipse.e4.ui.workbench.swt; bundle-version="0.9.0"
    -> Bundle-SymbolicName: org.eclipse.e4.ui.workbench.swt; bundle-version="0.14.1.v20160829-0832"; singleton:="true"
       org.eclipse.e4.ui.workbench.swt [53]
         Unresolved requirement: Require-Capability: osgi.extender; filter:="(&(osgi.extender=osgi.component)(version>=1.2)(!(version>=2.0)))"

	at org.eclipse.osgi.container.Module.start(Module.java:444)
	at org.eclipse.osgi.container.ModuleContainer$ContainerStartLevel.incStartLevel(ModuleContainer.java:1620)
	at org.eclipse.osgi.container.ModuleContainer$ContainerStartLevel.incStartLevel(ModuleContainer.java:1599)
	at org.eclipse.osgi.container.ModuleContainer$ContainerStartLevel.doContainerStartLevel(ModuleContainer.java:1571)
	at org.eclipse.osgi.container.ModuleContainer$ContainerStartLevel.dispatchEvent(ModuleContainer.java:1514)
	at org.eclipse.osgi.container.ModuleContainer$ContainerStartLevel.dispatchEvent(ModuleContainer.java:1)
	at org.eclipse.osgi.framework.eventmgr.EventManager.dispatchEvent(EventManager.java:230)
	at org.eclipse.osgi.framework.eventmgr.EventManager$EventThread.run(EventManager.java:340)

!ENTRY org.eclipse.e4.ui.workbench.swt 4 0 2017-06-20 17:45:16.161
!MESSAGE FrameworkEvent ERROR
!STACK 0
org.osgi.framework.BundleException: Could not resolve module: org.eclipse.e4.ui.workbench.swt [53]
  Unresolved requirement: Require-Capability: osgi.extender; filter:="(&(osgi.extender=osgi.component)(version>=1.2)(!(version>=2.0)))"

	at org.eclipse.osgi.container.Module.start(Module.java:444)
	at org.eclipse.osgi.container.ModuleContainer$ContainerStartLevel.incStartLevel(ModuleContainer.java:1620)
	at org.eclipse.osgi.container.ModuleContainer$ContainerStartLevel.incStartLevel(ModuleContainer.java:1599)
	at org.eclipse.osgi.container.ModuleContainer$ContainerStartLevel.doContainerStartLevel(ModuleContainer.java:1571)
	at org.eclipse.osgi.container.ModuleContainer$ContainerStartLevel.dispatchEvent(ModuleContainer.java:1514)
	at org.eclipse.osgi.container.ModuleContainer$ContainerStartLevel.dispatchEvent(ModuleContainer.java:1)
	at org.eclipse.osgi.framework.eventmgr.EventManager.dispatchEvent(EventManager.java:230)
	at org.eclipse.osgi.framework.eventmgr.EventManager$EventThread.run(EventManager.java:340)

!ENTRY org.eclipse.ui.workbench 4 0 2017-06-20 17:45:16.162
!MESSAGE FrameworkEvent ERROR
!STACK 0
org.osgi.framework.BundleException: Could not resolve module: org.eclipse.ui.workbench [58]
  Unresolved requirement: Import-Package: org.eclipse.e4.ui.internal.workbench.renderers.swt
    -> Export-Package: org.eclipse.e4.ui.internal.workbench.renderers.swt; bundle-symbolic-name="org.eclipse.e4.ui.workbench.renderers.swt"; bundle-version="0.14.1.v20170117-1415"; version="0.0.0"; x-friends:="org.eclipse.ui.workbench"
       org.eclipse.e4.ui.workbench.renderers.swt [39]
         Unresolved requirement: Require-Bundle: org.eclipse.e4.ui.workbench.swt; bundle-version="0.9.0"
           -> Bundle-SymbolicName: org.eclipse.e4.ui.workbench.swt; bundle-version="0.14.1.v20160829-0832"; singleton:="true"
              org.eclipse.e4.ui.workbench.swt [53]
                Unresolved requirement: Require-Capability: osgi.extender; filter:="(&(osgi.extender=osgi.component)(version>=1.2)(!(version>=2.0)))"
  Unresolved requirement: Import-Package: org.eclipse.e4.ui.internal.workbench.swt
    -> Export-Package: org.eclipse.e4.ui.internal.workbench.swt; bundle-symbolic-name="org.eclipse.e4.ui.workbench.swt"; bundle-version="0.14.1.v20160829-0832"; version="0.0.0"; x-friends:="org.eclipse.e4.ui.workbench.addons.swt,org.eclipse.e4.ui.workbench.renderers.swt,org.eclipse.ui.workbench"

	at org.eclipse.osgi.container.Module.start(Module.java:444)
	at org.eclipse.osgi.container.ModuleContainer$ContainerStartLevel.incStartLevel(ModuleContainer.java:1620)
	at org.eclipse.osgi.container.ModuleContainer$ContainerStartLevel.incStartLevel(ModuleContainer.java:1599)
	at org.eclipse.osgi.container.ModuleContainer$ContainerStartLevel.doContainerStartLevel(ModuleContainer.java:1571)
	at org.eclipse.osgi.container.ModuleContainer$ContainerStartLevel.dispatchEvent(ModuleContainer.java:1514)
	at org.eclipse.osgi.container.ModuleContainer$ContainerStartLevel.dispatchEvent(ModuleContainer.java:1)
	at org.eclipse.osgi.framework.eventmgr.EventManager.dispatchEvent(EventManager.java:230)
	at org.eclipse.osgi.framework.eventmgr.EventManager$EventThread.run(EventManager.java:340)

!ENTRY org.eclipse.ui 4 0 2017-06-20 17:45:16.163
!MESSAGE FrameworkEvent ERROR
!STACK 0
org.osgi.framework.BundleException: Could not resolve module: org.eclipse.ui [65]
  Unresolved requirement: Require-Bundle: org.eclipse.ui.workbench; bundle-version="[3.105.0,4.0.0)"; visibility:="reexport"
    -> Bundle-SymbolicName: org.eclipse.ui.workbench; bundle-version="3.108.3.v20170216-1539"; singleton:="true"
       org.eclipse.ui.workbench [58]
         Unresolved requirement: Import-Package: org.eclipse.e4.ui.internal.workbench.renderers.swt
           -> Export-Package: org.eclipse.e4.ui.internal.workbench.renderers.swt; bundle-symbolic-name="org.eclipse.e4.ui.workbench.renderers.swt"; bundle-version="0.14.1.v20170117-1415"; version="0.0.0"; x-friends:="org.eclipse.ui.workbench"
              org.eclipse.e4.ui.workbench.renderers.swt [39]
                Unresolved requirement: Require-Bundle: org.eclipse.e4.ui.workbench.swt; bundle-version="0.9.0"
                  -> Bundle-SymbolicName: org.eclipse.e4.ui.workbench.swt; bundle-version="0.14.1.v20160829-0832"; singleton:="true"
                     org.eclipse.e4.ui.workbench.swt [53]
                       Unresolved requirement: Require-Capability: osgi.extender; filter:="(&(osgi.extender=osgi.component)(version>=1.2)(!(version>=2.0)))"
         Unresolved requirement: Import-Package: org.eclipse.e4.ui.internal.workbench.swt
           -> Export-Package: org.eclipse.e4.ui.internal.workbench.swt; bundle-symbolic-name="org.eclipse.e4.ui.workbench.swt"; bundle-version="0.14.1.v20160829-0832"; version="0.0.0"; x-friends:="org.eclipse.e4.ui.workbench.addons.swt,org.eclipse.e4.ui.workbench.renderers.swt,org.eclipse.ui.workbench"

	at org.eclipse.osgi.container.Module.start(Module.java:444)
	at org.eclipse.osgi.container.ModuleContainer$ContainerStartLevel.incStartLevel(ModuleContainer.java:1620)
	at org.eclipse.osgi.container.ModuleContainer$ContainerStartLevel.incStartLevel(ModuleContainer.java:1599)
	at org.eclipse.osgi.container.ModuleContainer$ContainerStartLevel.doContainerStartLevel(ModuleContainer.java:1571)
	at org.eclipse.osgi.container.ModuleContainer$ContainerStartLevel.dispatchEvent(ModuleContainer.java:1514)
	at org.eclipse.osgi.container.ModuleContainer$ContainerStartLevel.dispatchEvent(ModuleContainer.java:1)
	at org.eclipse.osgi.framework.eventmgr.EventManager.dispatchEvent(EventManager.java:230)
	at org.eclipse.osgi.framework.eventmgr.EventManager$EventThread.run(EventManager.java:340)

!ENTRY org.eclipse.e4.ui.workbench.swt 2 0 2017-06-20 17:45:16.319
!MESSAGE Could not resolve module: org.eclipse.e4.ui.workbench.swt [53]
  Unresolved requirement: Require-Capability: osgi.extender; filter:="(&(osgi.extender=osgi.component)(version>=1.2)(!(version>=2.0)))"


!ENTRY org.eclipse.ui.cocoa 2 0 2017-06-20 17:45:16.320
!MESSAGE Could not resolve module: org.eclipse.ui.cocoa [32]
  Unresolved requirement: Fragment-Host: org.eclipse.ui; bundle-version="[3.5.0,4.0.0)"
    -> Bundle-SymbolicName: org.eclipse.ui; bundle-version="3.108.1.v20160929-1045"; singleton:="true"
       org.eclipse.ui [65]
         Unresolved requirement: Require-Bundle: org.eclipse.ui.workbench; bundle-version="[3.105.0,4.0.0)"; visibility:="reexport"
           -> Bundle-SymbolicName: org.eclipse.ui.workbench; bundle-version="3.108.3.v20170216-1539"; singleton:="true"
              org.eclipse.ui.workbench [58]
                Unresolved requirement: Import-Package: org.eclipse.e4.ui.internal.workbench.renderers.swt
                  -> Export-Package: org.eclipse.e4.ui.internal.workbench.renderers.swt; bundle-symbolic-name="org.eclipse.e4.ui.workbench.renderers.swt"; bundle-version="0.14.1.v20170117-1415"; version="0.0.0"; x-friends:="org.eclipse.ui.workbench"
                     org.eclipse.e4.ui.workbench.renderers.swt [39]
                       Unresolved requirement: Require-Bundle: org.eclipse.e4.ui.workbench.swt; bundle-version="0.9.0"
                         -> Bundle-SymbolicName: org.eclipse.e4.ui.workbench.swt; bundle-version="0.14.1.v20160829-0832"; singleton:="true"
                            org.eclipse.e4.ui.workbench.swt [53]
                              Unresolved requirement: Require-Capability: osgi.extender; filter:="(&(osgi.extender=osgi.component)(version>=1.2)(!(version>=2.0)))"


!ENTRY org.eclipse.ui.trace 2 0 2017-06-20 17:45:16.321
!MESSAGE Could not resolve module: org.eclipse.ui.trace [24]
  Unresolved requirement: Require-Bundle: org.eclipse.ui; bundle-version="[3.6.0,4.0.0)"
    -> Bundle-SymbolicName: org.eclipse.ui; bundle-version="3.108.1.v20160929-1045"; singleton:="true"
       org.eclipse.ui [65]
         Unresolved requirement: Require-Bundle: org.eclipse.ui.workbench; bundle-version="[3.105.0,4.0.0)"; visibility:="reexport"
           -> Bundle-SymbolicName: org.eclipse.ui.workbench; bundle-version="3.108.3.v20170216-1539"; singleton:="true"
              org.eclipse.ui.workbench [58]
                Unresolved requirement: Import-Package: org.eclipse.e4.ui.internal.workbench.renderers.swt
                  -> Export-Package: org.eclipse.e4.ui.internal.workbench.renderers.swt; bundle-symbolic-name="org.eclipse.e4.ui.workbench.renderers.swt"; bundle-version="0.14.1.v20170117-1415"; version="0.0.0"; x-friends:="org.eclipse.ui.workbench"
                     org.eclipse.e4.ui.workbench.renderers.swt [39]
                       Unresolved requirement: Require-Bundle: org.eclipse.e4.ui.workbench.swt; bundle-version="0.9.0"
                         -> Bundle-SymbolicName: org.eclipse.e4.ui.workbench.swt; bundle-version="0.14.1.v20160829-0832"; singleton:="true"
                            org.eclipse.e4.ui.workbench.swt [53]
                              Unresolved requirement: Require-Capability: osgi.extender; filter:="(&(osgi.extender=osgi.component)(version>=1.2)(!(version>=2.0)))"


!ENTRY org.eclipse.e4.ui.workbench.addons.swt 2 0 2017-06-20 17:45:16.321
!MESSAGE Could not resolve module: org.eclipse.e4.ui.workbench.addons.swt [16]
  Unresolved requirement: Import-Package: org.eclipse.e4.ui.internal.workbench.swt
    -> Export-Package: org.eclipse.e4.ui.internal.workbench.swt; bundle-symbolic-name="org.eclipse.e4.ui.workbench.swt"; bundle-version="0.14.1.v20160829-0832"; version="0.0.0"; x-friends:="org.eclipse.e4.ui.workbench.addons.swt,org.eclipse.e4.ui.workbench.renderers.swt,org.eclipse.ui.workbench"
       org.eclipse.e4.ui.workbench.swt [53]
         Unresolved requirement: Require-Capability: osgi.extender; filter:="(&(osgi.extender=osgi.component)(version>=1.2)(!(version>=2.0)))"
  Unresolved requirement: Require-Bundle: org.eclipse.e4.ui.workbench.renderers.swt; bundle-version="0.9.1"
    -> Bundle-SymbolicName: org.eclipse.e4.ui.workbench.renderers.swt; bundle-version="0.14.1.v20170117-1415"; singleton:="true"
       org.eclipse.e4.ui.workbench.renderers.swt [39]
         Unresolved requirement: Require-Bundle: org.eclipse.e4.ui.workbench.swt; bundle-version="0.9.0"
           -> Bundle-SymbolicName: org.eclipse.e4.ui.workbench.swt; bundle-version="0.14.1.v20160829-0832"; singleton:="true"


!ENTRY org.eclipse.e4.ui.workbench.renderers.swt.cocoa 2 0 2017-06-20 17:45:16.322
!MESSAGE Could not resolve module: org.eclipse.e4.ui.workbench.renderers.swt.cocoa [42]
  Unresolved requirement: Fragment-Host: org.eclipse.e4.ui.workbench.renderers.swt; bundle-version="[0.10.0,1.0.0)"
    -> Bundle-SymbolicName: org.eclipse.e4.ui.workbench.renderers.swt; bundle-version="0.14.1.v20170117-1415"; singleton:="true"
       org.eclipse.e4.ui.workbench.renderers.swt [39]
         Unresolved requirement: Require-Bundle: org.eclipse.e4.ui.workbench.swt; bundle-version="0.9.0"
           -> Bundle-SymbolicName: org.eclipse.e4.ui.workbench.swt; bundle-version="0.14.1.v20160829-0832"; singleton:="true"
              org.eclipse.e4.ui.workbench.swt [53]
                Unresolved requirement: Require-Capability: osgi.extender; filter:="(&(osgi.extender=osgi.component)(version>=1.2)(!(version>=2.0)))"


!ENTRY org.eclipse.ui.workbench 2 0 2017-06-20 17:45:16.322
!MESSAGE Could not resolve module: org.eclipse.ui.workbench [58]
  Unresolved requirement: Import-Package: org.eclipse.e4.ui.internal.workbench.renderers.swt
    -> Export-Package: org.eclipse.e4.ui.internal.workbench.renderers.swt; bundle-symbolic-name="org.eclipse.e4.ui.workbench.renderers.swt"; bundle-version="0.14.1.v20170117-1415"; version="0.0.0"; x-friends:="org.eclipse.ui.workbench"
       org.eclipse.e4.ui.workbench.renderers.swt [39]
         Unresolved requirement: Require-Bundle: org.eclipse.e4.ui.workbench.swt; bundle-version="0.9.0"
           -> Bundle-SymbolicName: org.eclipse.e4.ui.workbench.swt; bundle-version="0.14.1.v20160829-0832"; singleton:="true"
              org.eclipse.e4.ui.workbench.swt [53]
                Unresolved requirement: Require-Capability: osgi.extender; filter:="(&(osgi.extender=osgi.component)(version>=1.2)(!(version>=2.0)))"


!ENTRY org.eclipse.ui 2 0 2017-06-20 17:45:16.323
!MESSAGE Could not resolve module: org.eclipse.ui [65]
  Unresolved requirement: Require-Bundle: org.eclipse.ui.workbench; bundle-version="[3.105.0,4.0.0)"; visibility:="reexport"
    -> Bundle-SymbolicName: org.eclipse.ui.workbench; bundle-version="3.108.3.v20170216-1539"; singleton:="true"
       org.eclipse.ui.workbench [58]
         Unresolved requirement: Import-Package: org.eclipse.e4.ui.internal.workbench.renderers.swt
           -> Export-Package: org.eclipse.e4.ui.internal.workbench.renderers.swt; bundle-symbolic-name="org.eclipse.e4.ui.workbench.renderers.swt"; bundle-version="0.14.1.v20170117-1415"; version="0.0.0"; x-friends:="org.eclipse.ui.workbench"
              org.eclipse.e4.ui.workbench.renderers.swt [39]
                Unresolved requirement: Require-Bundle: org.eclipse.e4.ui.workbench.swt; bundle-version="0.9.0"
                  -> Bundle-SymbolicName: org.eclipse.e4.ui.workbench.swt; bundle-version="0.14.1.v20160829-0832"; singleton:="true"
                     org.eclipse.e4.ui.workbench.swt [53]
                       Unresolved requirement: Require-Capability: osgi.extender; filter:="(&(osgi.extender=osgi.component)(version>=1.2)(!(version>=2.0)))"


!ENTRY org.eclipse.e4.ui.workbench.renderers.swt 2 0 2017-06-20 17:45:16.323
!MESSAGE Could not resolve module: org.eclipse.e4.ui.workbench.renderers.swt [39]
  Unresolved requirement: Require-Bundle: org.eclipse.e4.ui.workbench.swt; bundle-version="0.9.0"
    -> Bundle-SymbolicName: org.eclipse.e4.ui.workbench.swt; bundle-version="0.14.1.v20160829-0832"; singleton:="true"
       org.eclipse.e4.ui.workbench.swt [53]
         Unresolved requirement: Require-Capability: osgi.extender; filter:="(&(osgi.extender=osgi.component)(version>=1.2)(!(version>=2.0)))"


!ENTRY org.eclipse.osgi 4 0 2017-06-20 17:45:16.323
!MESSAGE Application error
!STACK 1
java.lang.RuntimeException: Application "org.eclipse.e4.ui.workbench.swt.E4Application" could not be found in the registry. The applications available are: org.eclipse.equinox.app.error, org.eclipse.ant.core.antRunner.
	at org.eclipse.equinox.internal.app.EclipseAppContainer.startDefaultApp(EclipseAppContainer.java:248)
	at org.eclipse.equinox.internal.app.MainApplicationLauncher.run(MainApplicationLauncher.java:29)
	at org.eclipse.core.runtime.internal.adaptor.EclipseAppLauncher.runApplication(EclipseAppLauncher.java:134)
	at org.eclipse.core.runtime.internal.adaptor.EclipseAppLauncher.start(EclipseAppLauncher.java:104)
	at org.eclipse.core.runtime.adaptor.EclipseStarter.run(EclipseStarter.java:388)
	at org.eclipse.core.runtime.adaptor.EclipseStarter.run(EclipseStarter.java:243)
	at sun.reflect.NativeMethodAccessorImpl.invoke0(Native Method)
	at sun.reflect.NativeMethodAccessorImpl.invoke(NativeMethodAccessorImpl.java:62)
	at sun.reflect.DelegatingMethodAccessorImpl.invoke(DelegatingMethodAccessorImpl.java:43)
	at java.lang.reflect.Method.invoke(Method.java:498)
	at org.eclipse.equinox.launcher.Main.invokeFramework(Main.java:673)
	at org.eclipse.equinox.launcher.Main.basicRun(Main.java:610)
	at org.eclipse.equinox.launcher.Main.run(Main.java:1519)
	at org.eclipse.equinox.launcher.Main.main(Main.java:1492)
