!SESSION 2017-06-20 17:48:26.800 -----------------------------------------------
eclipse.buildId=unknown
java.version=1.8.0_111
java.vendor=Oracle Corporation
BootLoader constants: OS=macosx, ARCH=x86_64, WS=cocoa, NL=en_US
Framework arguments:  -product com.test.plugin.product
Command-line arguments:  -product com.test.plugin.product -data /Users/jpark/workspace/Test_RCP/../runtime-target.product -dev file:/Users/jpark/workspace/Test_RCP/.metadata/.plugins/org.eclipse.pde.core/target.product/dev.properties -os macosx -ws cocoa -arch x86_64 -consoleLog

!ENTRY com.test.plugin 2 0 2017-06-20 17:48:27.120
!MESSAGE Could not resolve module: com.test.plugin [72]
  Unresolved requirement: Require-Bundle: org.eclipse.core.runtime; bundle-version="3.12.0"


!ENTRY org.eclipse.osgi 4 0 2017-06-20 17:48:27.120
!MESSAGE Application error
!STACK 1
java.lang.IllegalStateException: Unable to acquire application service. Ensure that the org.eclipse.core.runtime bundle is resolved and started (see config.ini).
	at org.eclipse.core.runtime.internal.adaptor.EclipseAppLauncher.start(EclipseAppLauncher.java:78)
	at org.eclipse.core.runtime.adaptor.EclipseStarter.run(EclipseStarter.java:388)
	at org.eclipse.core.runtime.adaptor.EclipseStarter.run(EclipseStarter.java:243)
	at sun.reflect.NativeMethodAccessorImpl.invoke0(Native Method)
	at sun.reflect.NativeMethodAccessorImpl.invoke(NativeMethodAccessorImpl.java:62)
	at sun.reflect.DelegatingMethodAccessorImpl.invoke(DelegatingMethodAccessorImpl.java:43)
	at java.lang.reflect.Method.invoke(Method.java:498)
	at org.eclipse.equinox.launcher.Main.invokeFramework(Main.java:673)
	at org.eclipse.equinox.launcher.Main.basicRun(Main.java:610)
	at org.eclipse.equinox.launcher.Main.run(Main.java:1519)
	at org.eclipse.equinox.launcher.Main.main(Main.java:1492)
